<?xml version="1.0" encoding="UTF-8"?>
<testng-results skipped="0" failed="0" ignored="0" total="1" passed="1">
  <reporter-output>
  </reporter-output>
  <suite name="Default suite" duration-ms="16412" started-at="2019-05-31T11:25:48Z" finished-at="2019-05-31T11:26:05Z">
    <groups>
    </groups>
    <test name="Default test" duration-ms="16412" started-at="2019-05-31T11:25:48Z" finished-at="2019-05-31T11:26:05Z">
      <class name="com.training.sanity.tests.Removecategory_ELTC_025Tests">
        <test-method status="PASS" signature="setUpBeforeClass()[pri:0, instance:com.training.sanity.tests.Removecategory_ELTC_025Tests@47c62251]" name="setUpBeforeClass" is-config="true" duration-ms="24" started-at="2019-05-31T11:25:48Z" finished-at="2019-05-31T11:25:48Z">
          <reporter-output>
          </reporter-output>
        </test-method> <!-- setUpBeforeClass -->
        <test-method status="PASS" signature="setUp()[pri:0, instance:com.training.sanity.tests.Removecategory_ELTC_025Tests@47c62251]" name="setUp" is-config="true" duration-ms="8979" started-at="2019-05-31T11:25:48Z" finished-at="2019-05-31T11:25:57Z">
          <reporter-output>
          </reporter-output>
        </test-method> <!-- setUp -->
        <test-method status="PASS" signature="validLoginTest()[pri:0, instance:com.training.sanity.tests.Removecategory_ELTC_025Tests@47c62251]" name="validLoginTest" duration-ms="6380" started-at="2019-05-31T11:25:57Z" finished-at="2019-05-31T11:26:04Z">
          <reporter-output>
          </reporter-output>
        </test-method> <!-- validLoginTest -->
        <test-method status="PASS" signature="tearDown()[pri:0, instance:com.training.sanity.tests.Removecategory_ELTC_025Tests@47c62251]" name="tearDown" is-config="true" duration-ms="1001" started-at="2019-05-31T11:26:04Z" finished-at="2019-05-31T11:26:05Z">
          <reporter-output>
          </reporter-output>
        </test-method> <!-- tearDown -->
      </class> <!-- com.training.sanity.tests.Removecategory_ELTC_025Tests -->
    </test> <!-- Default test -->
  </suite> <!-- Default suite -->
</testng-results>
